<?xml version="1.0" encoding="UTF-8"?>
<!-- Generated by org.testng.reporters.JUnitReportReporter -->
<testsuite hostname="DESKTOP-CRE3CMG" failures="0" tests="1" name="testcases.HomePageNavigation" time="0.130" errors="0" timestamp="2022-05-25T18:39:38 IST" skipped="0">
  <testcase classname="testcases.HomePageNavigation" name="landingOnHomePage" time="0.130"/>
  <system-out/>
</testsuite> <!-- testcases.HomePageNavigation -->
