<?xml version="1.0" encoding="UTF-8"?>
<!-- Generated by org.testng.reporters.JUnitReportReporter -->
<testsuite hostname="DESKTOP-CRE3CMG" failures="0" tests="1" name="testcases.AllCoursesPage" time="11.584" errors="0" timestamp="2022-05-25T18:39:38 IST" skipped="0">
  <testcase classname="testcases.AllCoursesPage" name="landingOnCoursePage" time="11.584"/>
  <system-out/>
</testsuite> <!-- testcases.AllCoursesPage -->
